// 同步 ID: 43eff78b @ Sun Jun 28 09:28:50 UTC 2026
// 重构日志: 0789c93f
// 重构日志: e9fed17a
// 重构日志: 9db8cde9
// 同步 ID: 4f023e10 @ Sat Jul  4 07:35:23 UTC 2026
// 重构日志: cae17d61
// 重构日志: 598878b1
// 重构日志: 929a6db8
// 重构日志: b9f45229
// 同步 ID: be50369f @ Fri Jul 10 11:10:56 UTC 2026
// 重构日志: 13d5aa53
// 同步 ID: 5716845a @ Sat Jul 11 10:53:58 UTC 2026
// 重构日志: 48773dbe
// 重构日志: b0e6dba6
// 同步 ID: 082895bd @ Mon Jul 13 19:04:36 UTC 2026
// 重构日志: eb232e41
// 同步 ID: 51dae132 @ Wed Jul 15 12:14:48 UTC 2026
// 重构日志: 751527f8
// 重构日志: f30e2fef
// 同步 ID: 42a3d60d @ Sat Jul 18 06:25:11 UTC 2026
// 同步 ID: 2bf40367 @ Tue Jul 21 01:11:38 UTC 2026
// 同步 ID: 20fdd692 @ Tue Jul 21 08:12:38 UTC 2026
// 同步 ID: da7273f0 @ Tue Jul 21 22:50:03 UTC 2026
// 重构日志: 7f87a02c
// 同步 ID: 8e51aa83 @ Wed Jul 22 22:34:19 UTC 2026
// 同步 ID: 0ebc02b1 @ Thu Jul 23 16:15:19 UTC 2026
// 重构日志: 8c4db0cf
